<?xml version="1.0" encoding="UTF-8" ?>
<testsuite failures="0" time="2.455" errors="0" skipped="0" tests="31" name="TestSuite">
  <properties>
    <property name="java.runtime.name" value="Java(TM) SE Runtime Environment"/>
    <property name="sun.boot.library.path" value="/opt/jdk1.7.0_09/jre/lib/i386"/>
    <property name="java.vm.version" value="23.5-b02"/>
    <property name="java.vm.vendor" value="Oracle Corporation"/>
    <property name="java.vendor.url" value="http://java.oracle.com/"/>
    <property name="path.separator" value=":"/>
    <property name="guice.disable.misplaced.annotation.check" value="true"/>
    <property name="java.vm.name" value="Java HotSpot(TM) Server VM"/>
    <property name="file.encoding.pkg" value="sun.io"/>
    <property name="user.country" value="US"/>
    <property name="sun.java.launcher" value="SUN_STANDARD"/>
    <property name="sun.os.patch.level" value="unknown"/>
    <property name="java.vm.specification.name" value="Java Virtual Machine Specification"/>
    <property name="user.dir" value="/home/alina/workspace/xmldiff-core"/>
    <property name="java.runtime.version" value="1.7.0_09-b05"/>
    <property name="java.awt.graphicsenv" value="sun.awt.X11GraphicsEnvironment"/>
    <property name="java.endorsed.dirs" value="/opt/jdk1.7.0_09/jre/lib/endorsed"/>
    <property name="os.arch" value="i386"/>
    <property name="java.io.tmpdir" value="/tmp"/>
    <property name="line.separator" value="
"/>
    <property name="java.vm.specification.vendor" value="Oracle Corporation"/>
    <property name="os.name" value="Linux"/>
    <property name="classworlds.conf" value="/home/alina/workspace/.metadata/.plugins/org.eclipse.m2e.core/launches/m2conf4552210340893283953.tmp"/>
    <property name="sun.jnu.encoding" value="UTF-8"/>
    <property name="java.library.path" value="/opt/jdk1.7.0_09/jre/lib/i386/server:/opt/jdk1.7.0_09/jre/lib/i386:/opt/jdk1.7.0_09/jre/../lib/i386:/usr/lib/jvm/java-1.7.0-openjdk-1.7.0.9/jre/lib/i386/client:/usr/lib/jvm/java-1.7.0-openjdk-1.7.0.9/jre/lib/i386::/usr/java/packages/lib/i386:/lib:/usr/lib"/>
    <property name="java.specification.name" value="Java Platform API Specification"/>
    <property name="java.class.version" value="51.0"/>
    <property name="sun.management.compiler" value="HotSpot Tiered Compilers"/>
    <property name="os.version" value="3.6.10-2.fc17.i686"/>
    <property name="user.home" value="/home/alina"/>
    <property name="user.timezone" value="Europe/Bucharest"/>
    <property name="java.awt.printerjob" value="sun.print.PSPrinterJob"/>
    <property name="file.encoding" value="UTF-8"/>
    <property name="java.specification.version" value="1.7"/>
    <property name="user.name" value="alina"/>
    <property name="java.class.path" value="/opt/eclipse/configuration/org.eclipse.osgi/bundles/1348/1/.cp/jars/plexus-classworlds-2.4.jar"/>
    <property name="java.vm.specification.version" value="1.7"/>
    <property name="sun.arch.data.model" value="32"/>
    <property name="java.home" value="/opt/jdk1.7.0_09/jre"/>
    <property name="sun.java.command" value="org.codehaus.plexus.classworlds.launcher.Launcher -B -s /opt/apache-maven-2.2.1/conf/settings.xml clean install"/>
    <property name="java.specification.vendor" value="Oracle Corporation"/>
    <property name="user.language" value="en"/>
    <property name="awt.toolkit" value="sun.awt.X11.XToolkit"/>
    <property name="java.vm.info" value="mixed mode"/>
    <property name="java.version" value="1.7.0_09"/>
    <property name="java.ext.dirs" value="/opt/jdk1.7.0_09/jre/lib/ext:/usr/java/packages/lib/ext"/>
    <property name="securerandom.source" value="file:/dev/./urandom"/>
    <property name="sun.boot.class.path" value="/opt/jdk1.7.0_09/jre/lib/resources.jar:/opt/jdk1.7.0_09/jre/lib/rt.jar:/opt/jdk1.7.0_09/jre/lib/sunrsasign.jar:/opt/jdk1.7.0_09/jre/lib/jsse.jar:/opt/jdk1.7.0_09/jre/lib/jce.jar:/opt/jdk1.7.0_09/jre/lib/charsets.jar:/opt/jdk1.7.0_09/jre/lib/jfr.jar:/opt/jdk1.7.0_09/jre/classes"/>
    <property name="java.vendor" value="Oracle Corporation"/>
    <property name="maven.home" value="/home/alina/workspace/xmldiff-core/EMBEDDED"/>
    <property name="file.separator" value="/"/>
    <property name="java.vendor.url.bug" value="http://bugreport.sun.com/bugreport/"/>
    <property name="sun.cpu.endian" value="little"/>
    <property name="sun.io.unicode.encoding" value="UnicodeLittle"/>
    <property name="sun.desktop" value="gnome"/>
    <property name="sun.cpu.isalist" value=""/>
  </properties>
  <testcase time="0.05" classname="com.github.alinaioanaflorea.xmldiff.core.common.UtilitiesTest" name="testGetXmlAttributes"/>
  <testcase time="0.283" classname="com.github.alinaioanaflorea.xmldiff.core.common.UtilitiesTest" name="testGetXmlAttributes2"/>
  <testcase time="0.002" classname="com.github.alinaioanaflorea.xmldiff.core.common.UtilitiesTest" name="testGetXmlRootNode"/>
  <testcase time="0.319" classname="com.github.alinaioanaflorea.xmldiff.core.common.UtilitiesTest" name="testGetXmlRootNode"/>
  <testcase time="0.002" classname="com.github.alinaioanaflorea.xmldiff.core.common.UtilitiesTest" name="testGetXmlRootNode"/>
  <testcase time="0.002" classname="com.github.alinaioanaflorea.xmldiff.core.common.UtilitiesTest" name="testGetXmlRootNode"/>
  <testcase time="0.003" classname="com.github.alinaioanaflorea.xmldiff.core.common.UtilitiesTest" name="testGetXmlRootNode"/>
  <testcase time="0" classname="com.github.alinaioanaflorea.xmldiff.core.common.UtilitiesTest" name="testGetXmlRootNode"/>
  <testcase time="0.001" classname="com.github.alinaioanaflorea.xmldiff.core.common.UtilitiesTest" name="testGetXmlRootNode"/>
  <testcase time="0" classname="com.github.alinaioanaflorea.xmldiff.core.common.UtilitiesTest" name="testGetXmlRootNode2"/>
  <testcase time="0" classname="com.github.alinaioanaflorea.xmldiff.core.service.impl.FileToXmlElemConverterTest" name="testProcess"/>
  <testcase time="0" classname="com.github.alinaioanaflorea.xmldiff.core.service.impl.FileToXmlElemConverterTest" name="testProcess2"/>
  <testcase time="0.003" classname="com.github.alinaioanaflorea.xmldiff.core.service.impl.FileToXmlElemConverterTest" name="testProcess2_1"/>
  <testcase time="0.008" classname="com.github.alinaioanaflorea.xmldiff.core.service.impl.FileToXmlElemConverterTest" name="testProcess2_2"/>
  <testcase time="0.024" classname="com.github.alinaioanaflorea.xmldiff.core.service.impl.FileToXmlElemConverterTest" name="testProcess2_3"/>
  <testcase time="0.003" classname="com.github.alinaioanaflorea.xmldiff.core.service.impl.FileToXmlElemConverterTest" name="testProcess3"/>
  <testcase time="0.011" classname="com.github.alinaioanaflorea.xmldiff.core.service.impl.FileToXmlElemConverterTest" name="testProcess3_1"/>
  <testcase time="0.012" classname="com.github.alinaioanaflorea.xmldiff.core.service.impl.FileToXmlElemConverterTest" name="testProcess3_2"/>
  <testcase time="0.003" classname="com.github.alinaioanaflorea.xmldiff.core.service.impl.FileToXmlElemConverterTest" name="testProcess3_3"/>
  <testcase time="0.008" classname="com.github.alinaioanaflorea.xmldiff.core.service.impl.FileToXmlElemConverterTest" name="testProcess3_4"/>
  <testcase time="0.016" classname="com.github.alinaioanaflorea.xmldiff.core.service.impl.FileToXmlElemConverterTest" name="testProcess5"/>
  <testcase time="0.008" classname="com.github.alinaioanaflorea.xmldiff.core.service.impl.FileToXmlElemConverterTest" name="testProcess6"/>
  <testcase time="0.002" classname="com.github.alinaioanaflorea.xmldiff.core.service.impl.FileToXmlElemConverterTest" name="testProcess7"/>
  <testcase time="0.002" classname="com.github.alinaioanaflorea.xmldiff.core.service.impl.XmlElemMatcherTest" name="match"/>
  <testcase time="0.002" classname="com.github.alinaioanaflorea.xmldiff.core.service.impl.XmlElemMatcherTest" name="match1"/>
  <testcase time="0" classname="com.github.alinaioanaflorea.xmldiff.core.service.impl.XmlElemMatcherTest" name="match2"/>
  <testcase time="0.001" classname="com.github.alinaioanaflorea.xmldiff.core.service.impl.XmlElemMatcherTest" name="match3"/>
  <testcase time="0.001" classname="com.github.alinaioanaflorea.xmldiff.core.service.impl.XmlElemMatcherTest" name="match4"/>
  <testcase time="0.013" classname="com.github.alinaioanaflorea.xmldiff.core.service.impl.XmlElemMatcherTest" name="match5"/>
  <testcase time="0.001" classname="com.github.alinaioanaflorea.xmldiff.core.service.impl.XmlElemToStringConverterTest" name="testProcess"/>
  <testcase time="0.006" classname="com.github.alinaioanaflorea.xmldiff.core.service.impl.XmlElemToStringConverterTest" name="testProcess2"/>
</testsuite>