<?xml version="1.0" encoding="UTF-8"?>
<!-- Generated by org.testng.reporters.JUnitReportReporter -->
<testsuite hostname="dot" name="com.github.alinaioanaflorea.xmldiff.core.service.impl.XmlElemMatcherTest" tests="6" failures="0" timestamp="14 Jan 2013 09:39:57 GMT" time="0.016" errors="0">
  <testcase name="match5" time="0.012" classname="com.github.alinaioanaflorea.xmldiff.core.service.impl.XmlElemMatcherTest"/>
  <testcase name="match1" time="0.002" classname="com.github.alinaioanaflorea.xmldiff.core.service.impl.XmlElemMatcherTest"/>
  <testcase name="match2" time="0.000" classname="com.github.alinaioanaflorea.xmldiff.core.service.impl.XmlElemMatcherTest"/>
  <testcase name="match" time="0.001" classname="com.github.alinaioanaflorea.xmldiff.core.service.impl.XmlElemMatcherTest"/>
  <testcase name="match3" time="0.000" classname="com.github.alinaioanaflorea.xmldiff.core.service.impl.XmlElemMatcherTest"/>
  <testcase name="match4" time="0.001" classname="com.github.alinaioanaflorea.xmldiff.core.service.impl.XmlElemMatcherTest"/>
</testsuite>
