<?xml version="1.0" encoding="UTF-8"?>
<!-- Generated by org.testng.reporters.JUnitReportReporter -->
<testsuite hostname="dot" name="com.github.alinaioanaflorea.xmldiff.core.common.UtilitiesTest" tests="10" failures="0" timestamp="14 Jan 2013 09:39:57 GMT" time="0.672" errors="0">
  <testcase name="testGetXmlRootNode" time="0.319" classname="com.github.alinaioanaflorea.xmldiff.core.common.UtilitiesTest"/>
  <testcase name="testGetXmlRootNode" time="0.002" classname="com.github.alinaioanaflorea.xmldiff.core.common.UtilitiesTest"/>
  <testcase name="testGetXmlRootNode2" time="0.004" classname="com.github.alinaioanaflorea.xmldiff.core.common.UtilitiesTest"/>
  <testcase name="testGetXmlRootNode" time="0.000" classname="com.github.alinaioanaflorea.xmldiff.core.common.UtilitiesTest"/>
  <testcase name="testGetXmlRootNode" time="0.002" classname="com.github.alinaioanaflorea.xmldiff.core.common.UtilitiesTest"/>
  <testcase name="testGetXmlAttributes" time="0.052" classname="com.github.alinaioanaflorea.xmldiff.core.common.UtilitiesTest"/>
  <testcase name="testGetXmlRootNode" time="0.003" classname="com.github.alinaioanaflorea.xmldiff.core.common.UtilitiesTest"/>
  <testcase name="testGetXmlRootNode" time="0.003" classname="com.github.alinaioanaflorea.xmldiff.core.common.UtilitiesTest"/>
  <testcase name="testGetXmlAttributes2" time="0.285" classname="com.github.alinaioanaflorea.xmldiff.core.common.UtilitiesTest"/>
  <testcase name="testGetXmlRootNode" time="0.002" classname="com.github.alinaioanaflorea.xmldiff.core.common.UtilitiesTest"/>
</testsuite>
