<?xml version="1.0" encoding="UTF-8"?>
<!-- Generated by org.testng.reporters.JUnitReportReporter -->
<testsuite hostname="dot" name="com.github.alinaioanaflorea.xmldiff.core.service.impl.XmlElemToStringConverterTest" tests="2" failures="0" timestamp="14 Jan 2013 09:39:57 GMT" time="0.004" errors="0">
  <testcase name="testProcess" time="0.001" classname="com.github.alinaioanaflorea.xmldiff.core.service.impl.XmlElemToStringConverterTest"/>
  <testcase name="testProcess2" time="0.003" classname="com.github.alinaioanaflorea.xmldiff.core.service.impl.XmlElemToStringConverterTest"/>
</testsuite>
