<?xml version="1.0" encoding="UTF-8"?>
<!-- Generated by org.testng.reporters.JUnitReportReporter -->
<testsuite hostname="dot" name="com.github.alinaioanaflorea.xmldiff.core.service.impl.FileToXmlElemConverterTest" tests="13" failures="0" timestamp="14 Jan 2013 09:39:57 GMT" time="0.117" errors="0">
  <testcase name="testProcess2_3" time="0.023" classname="com.github.alinaioanaflorea.xmldiff.core.service.impl.FileToXmlElemConverterTest"/>
  <testcase name="testProcess3_4" time="0.008" classname="com.github.alinaioanaflorea.xmldiff.core.service.impl.FileToXmlElemConverterTest"/>
  <testcase name="testProcess2_2" time="0.008" classname="com.github.alinaioanaflorea.xmldiff.core.service.impl.FileToXmlElemConverterTest"/>
  <testcase name="testProcess5" time="0.016" classname="com.github.alinaioanaflorea.xmldiff.core.service.impl.FileToXmlElemConverterTest"/>
  <testcase name="testProcess6" time="0.007" classname="com.github.alinaioanaflorea.xmldiff.core.service.impl.FileToXmlElemConverterTest"/>
  <testcase name="testProcess" time="0.001" classname="com.github.alinaioanaflorea.xmldiff.core.service.impl.FileToXmlElemConverterTest"/>
  <testcase name="testProcess3_3" time="0.004" classname="com.github.alinaioanaflorea.xmldiff.core.service.impl.FileToXmlElemConverterTest"/>
  <testcase name="testProcess2" time="0.005" classname="com.github.alinaioanaflorea.xmldiff.core.service.impl.FileToXmlElemConverterTest"/>
  <testcase name="testProcess7" time="0.003" classname="com.github.alinaioanaflorea.xmldiff.core.service.impl.FileToXmlElemConverterTest"/>
  <testcase name="testProcess3" time="0.003" classname="com.github.alinaioanaflorea.xmldiff.core.service.impl.FileToXmlElemConverterTest"/>
  <testcase name="testProcess2_1" time="0.008" classname="com.github.alinaioanaflorea.xmldiff.core.service.impl.FileToXmlElemConverterTest"/>
  <testcase name="testProcess3_1" time="0.019" classname="com.github.alinaioanaflorea.xmldiff.core.service.impl.FileToXmlElemConverterTest"/>
  <testcase name="testProcess3_2" time="0.012" classname="com.github.alinaioanaflorea.xmldiff.core.service.impl.FileToXmlElemConverterTest"/>
</testsuite>
